[INFO ] 2024-09-03 12:27:21.617 [main] Logs - {HealeniumRepository} trying to start healenium server
[INFO ] 2024-09-03 12:27:21.620 [main] Logs - {HealeniumRepository} command is : D: && cd D:\healenium\shell-installation\web && "D:\healenium\shell-installation\web\start_healenium.sh"
[INFO ] 2024-09-03 12:27:25.995 [main] Logs - {HealeniumRepository} response from command prompt is : null
[INFO ] 2024-09-03 12:27:31.017 [main] Logs - {HealeniumRepository} Time spent (milliseconds)= 5014
[INFO ] 2024-09-03 12:27:31.018 [main] Logs - {HealeniumRepository} fileSizeInKb = 5.27734375
[INFO ] 2024-09-03 12:27:31.046 [main] Logs - {HealeniumRepository}  : --> 2024-09-03 09:57:30.230  INFO 17896 - [       main] o.s.b.w.e.t.TomcatWebServer      : Tomcat started on port 4596 (http) with context path '' 
[INFO ] 2024-09-03 12:27:31.046 [main] Logs - {HealeniumRepository} isServerRunnng ? : Yes
[INFO ] 2024-09-03 12:27:31.046 [main] Logs - {HealeniumRepository} PID is 17896
[INFO ] 2024-09-03 12:27:31.047 [main] Logs - {HealeniumRepository} portNumber is 4596
[INFO ] 2024-09-03 12:27:31.047 [main] Logs - {HealeniumRepository} Tomcat running on port 4596
[INFO ] 2024-09-03 12:27:31.049 [main] Logs - {Hooks} updating healenium.properties with port : 4596
[INFO ] 2024-09-03 12:27:31.049 [main] Logs - {Hooks} updated line --> hlm.server.url = http://localhost:4596
[INFO ] 2024-09-03 12:27:31.051 [main] Logs - {BaseClass} Deleted ---> C:\Users\palek\git\TestometerBDDFrameWork1\bddframework\target\PDFReport\ExtentPdf.pdf
[INFO ] 2024-09-03 12:27:31.206 [main] Logs - ================================================================================
[INFO ] 2024-09-03 12:27:31.206 [main] Logs - {BaseClass} launching session for scenario Verify that invalid passwords are identified
[INFO ] 2024-09-03 12:27:31.207 [main] Logs - {SelfHealingWebDriverFactory} chrome
[INFO ] 2024-09-03 12:27:32.716 [main] Logs - {SelfHealingWebDriverFactory} INFO --> getWebDriverSession is success : chrome
[INFO ] 2024-09-03 12:27:34.735 [main] Logs - {BaseClass} launchSession is SUCCESS for scenario Verify that invalid passwords are identified
[INFO ] 2024-09-03 12:27:34.768 [main] Logs - {GetTestStepName} Current Step Name ---> I am on the landing page
[INFO ] 2024-09-03 12:27:34.886 [main] Logs - {GetTestStepName} Current Step Name ---> I close the popup when I see it
[ERROR] 2024-09-03 12:27:40.025 [main] Logs - {LandingPageLocators} PopUp is not displayed
[INFO ] 2024-09-03 12:27:40.028 [main] Logs - {GetTestStepName} Current Step Name ---> I click Login
[INFO ] 2024-09-03 12:27:43.683 [main] Logs - {GetTestStepName} Current Step Name ---> I enter username as mohanpalekar02@gmail.com
[INFO ] 2024-09-03 12:27:45.501 [main] Logs - {GetTestStepName} Current Step Name ---> I enter password as 123456
[INFO ] 2024-09-03 12:27:46.605 [main] Logs - {GetTestStepName} Current Step Name ---> I click on login button
[INFO ] 2024-09-03 12:27:47.166 [main] Logs - {GetTestStepName} Current Step Name ---> I verify that invalid password error message is shown to the user
[ERROR] 2024-09-03 12:27:52.257 [main] Logs - {BaseClass} FAILED STEP : I verify that invalid password error message is shown to the user { Scenario: Verify that invalid passwords are identified }
[INFO ] 2024-09-03 12:27:52.358 [main] Logs - {BaseClass} screenshot is captured
[INFO ] 2024-09-03 12:27:52.814 [main] Logs - {BaseClass} clearSession is SUCCESS for scenario Verify that invalid passwords are identified
[INFO ] 2024-09-03 12:27:52.814 [main] Logs - ================================================================================
[INFO ] 2024-09-03 12:27:52.910 [main] Logs - ================================================================================
[INFO ] 2024-09-03 12:27:52.910 [main] Logs - {BaseClass} launching session for scenario Verify that main features is the site are displayed to the user
[INFO ] 2024-09-03 12:27:52.910 [main] Logs - {SelfHealingWebDriverFactory} chrome
[INFO ] 2024-09-03 12:27:53.643 [main] Logs - {SelfHealingWebDriverFactory} INFO --> getWebDriverSession is success : chrome
[INFO ] 2024-09-03 12:27:55.982 [main] Logs - {BaseClass} launchSession is SUCCESS for scenario Verify that main features is the site are displayed to the user
[INFO ] 2024-09-03 12:27:55.983 [main] Logs - {GetTestStepName} Current Step Name ---> I am on the landing page
[INFO ] 2024-09-03 12:27:56.006 [main] Logs - {GetTestStepName} Current Step Name ---> I close the popup when I see it
[ERROR] 2024-09-03 12:28:01.879 [main] Logs - {LandingPageLocators} PopUp is not displayed
[INFO ] 2024-09-03 12:28:01.880 [main] Logs - {GetTestStepName} Current Step Name ---> I see the features called Stays
[INFO ] 2024-09-03 12:28:02.415 [main] Logs - {GetTestStepName} Current Step Name ---> I see the features called Flights
[INFO ] 2024-09-03 12:28:02.971 [main] Logs - {GetTestStepName} Current Step Name ---> I see the features called Flights+Hotel
[INFO ] 2024-09-03 12:28:03.542 [main] Logs - {GetTestStepName} Current Step Name ---> I see the features called Car rentals
[INFO ] 2024-09-03 12:28:04.177 [main] Logs - {GetTestStepName} Current Step Name ---> I see the features called Attractions
[INFO ] 2024-09-03 12:28:04.744 [main] Logs - {GetTestStepName} Current Step Name ---> I see the features called Airport taxis
[INFO ] 2024-09-03 12:28:07.339 [main] Logs - {BaseClass} clearSession is SUCCESS for scenario Verify that main features is the site are displayed to the user
[INFO ] 2024-09-03 12:28:07.340 [main] Logs - ================================================================================
[INFO ] 2024-09-03 12:28:07.356 [main] Logs - ================================================================================
[INFO ] 2024-09-03 12:28:07.356 [main] Logs - {BaseClass} launching session for scenario Verify that main features is the site are displayed to the user
[INFO ] 2024-09-03 12:28:07.356 [main] Logs - {SelfHealingWebDriverFactory} chrome
[INFO ] 2024-09-03 12:28:08.138 [main] Logs - {SelfHealingWebDriverFactory} INFO --> getWebDriverSession is success : chrome
[INFO ] 2024-09-03 12:28:10.451 [main] Logs - {BaseClass} launchSession is SUCCESS for scenario Verify that main features is the site are displayed to the user
[INFO ] 2024-09-03 12:28:10.452 [main] Logs - {GetTestStepName} Current Step Name ---> I am on the landing page
[INFO ] 2024-09-03 12:28:10.493 [main] Logs - {GetTestStepName} Current Step Name ---> I close the popup when I see it
[ERROR] 2024-09-03 12:28:16.235 [main] Logs - {LandingPageLocators} PopUp is not displayed
[INFO ] 2024-09-03 12:28:16.239 [main] Logs - {GetTestStepName} Current Step Name ---> I see the features called Stays
[INFO ] 2024-09-03 12:28:17.173 [main] Logs - {BaseClass} clearSession is SUCCESS for scenario Verify that main features is the site are displayed to the user
[INFO ] 2024-09-03 12:28:17.173 [main] Logs - ================================================================================
[INFO ] 2024-09-03 12:28:17.173 [main] Logs - ================================================================================
[INFO ] 2024-09-03 12:28:17.173 [main] Logs - {BaseClass} launching session for scenario Verify that main features is the site are displayed to the user
[INFO ] 2024-09-03 12:28:17.189 [main] Logs - {SelfHealingWebDriverFactory} chrome
[INFO ] 2024-09-03 12:28:17.944 [main] Logs - {SelfHealingWebDriverFactory} INFO --> getWebDriverSession is success : chrome
[INFO ] 2024-09-03 12:28:19.866 [main] Logs - {BaseClass} launchSession is SUCCESS for scenario Verify that main features is the site are displayed to the user
[INFO ] 2024-09-03 12:28:19.867 [main] Logs - {GetTestStepName} Current Step Name ---> I am on the landing page
[INFO ] 2024-09-03 12:28:19.925 [main] Logs - {GetTestStepName} Current Step Name ---> I close the popup when I see it
[ERROR] 2024-09-03 12:28:25.256 [main] Logs - {LandingPageLocators} PopUp is not displayed
[INFO ] 2024-09-03 12:28:25.257 [main] Logs - {GetTestStepName} Current Step Name ---> I see the features called Flights
[INFO ] 2024-09-03 12:28:25.975 [main] Logs - {BaseClass} clearSession is SUCCESS for scenario Verify that main features is the site are displayed to the user
[INFO ] 2024-09-03 12:28:25.975 [main] Logs - ================================================================================
[INFO ] 2024-09-03 12:28:25.975 [main] Logs - ================================================================================
[INFO ] 2024-09-03 12:28:25.975 [main] Logs - {BaseClass} launching session for scenario Verify that main features is the site are displayed to the user
[INFO ] 2024-09-03 12:28:25.975 [main] Logs - {SelfHealingWebDriverFactory} chrome
[INFO ] 2024-09-03 12:28:26.641 [main] Logs - {SelfHealingWebDriverFactory} INFO --> getWebDriverSession is success : chrome
[INFO ] 2024-09-03 12:28:29.098 [main] Logs - {BaseClass} launchSession is SUCCESS for scenario Verify that main features is the site are displayed to the user
[INFO ] 2024-09-03 12:28:29.098 [main] Logs - {GetTestStepName} Current Step Name ---> I am on the landing page
[INFO ] 2024-09-03 12:28:29.148 [main] Logs - {GetTestStepName} Current Step Name ---> I close the popup when I see it
[ERROR] 2024-09-03 12:28:34.719 [main] Logs - {LandingPageLocators} PopUp is not displayed
[INFO ] 2024-09-03 12:28:34.721 [main] Logs - {GetTestStepName} Current Step Name ---> I see the features called Flights+Hotel
[INFO ] 2024-09-03 12:28:35.422 [main] Logs - {BaseClass} clearSession is SUCCESS for scenario Verify that main features is the site are displayed to the user
[INFO ] 2024-09-03 12:28:35.422 [main] Logs - ================================================================================
[INFO ] 2024-09-03 12:28:35.422 [main] Logs - ================================================================================
[INFO ] 2024-09-03 12:28:35.422 [main] Logs - {BaseClass} launching session for scenario Verify that main features is the site are displayed to the user
[INFO ] 2024-09-03 12:28:35.422 [main] Logs - {SelfHealingWebDriverFactory} chrome
[INFO ] 2024-09-03 12:28:36.083 [main] Logs - {SelfHealingWebDriverFactory} INFO --> getWebDriverSession is success : chrome
[INFO ] 2024-09-03 12:28:38.004 [main] Logs - {BaseClass} launchSession is SUCCESS for scenario Verify that main features is the site are displayed to the user
[INFO ] 2024-09-03 12:28:38.004 [main] Logs - {GetTestStepName} Current Step Name ---> I am on the landing page
[INFO ] 2024-09-03 12:28:38.026 [main] Logs - {GetTestStepName} Current Step Name ---> I close the popup when I see it
[ERROR] 2024-09-03 12:28:43.759 [main] Logs - {LandingPageLocators} PopUp is not displayed
[INFO ] 2024-09-03 12:28:43.759 [main] Logs - {GetTestStepName} Current Step Name ---> I see the features called Car rentals
[INFO ] 2024-09-03 12:28:44.428 [main] Logs - {BaseClass} clearSession is SUCCESS for scenario Verify that main features is the site are displayed to the user
[INFO ] 2024-09-03 12:28:44.428 [main] Logs - ================================================================================
[INFO ] 2024-09-03 12:28:44.428 [main] Logs - ================================================================================
[INFO ] 2024-09-03 12:28:44.428 [main] Logs - {BaseClass} launching session for scenario Verify that main features is the site are displayed to the user
[INFO ] 2024-09-03 12:28:44.428 [main] Logs - {SelfHealingWebDriverFactory} chrome
[INFO ] 2024-09-03 12:28:45.080 [main] Logs - {SelfHealingWebDriverFactory} INFO --> getWebDriverSession is success : chrome
[INFO ] 2024-09-03 12:28:47.158 [main] Logs - {BaseClass} launchSession is SUCCESS for scenario Verify that main features is the site are displayed to the user
[INFO ] 2024-09-03 12:28:47.158 [main] Logs - {GetTestStepName} Current Step Name ---> I am on the landing page
[INFO ] 2024-09-03 12:28:47.183 [main] Logs - {GetTestStepName} Current Step Name ---> I close the popup when I see it
[ERROR] 2024-09-03 12:28:52.524 [main] Logs - {LandingPageLocators} PopUp is not displayed
[INFO ] 2024-09-03 12:28:52.525 [main] Logs - {GetTestStepName} Current Step Name ---> I see the features called Attractions
[INFO ] 2024-09-03 12:28:53.185 [main] Logs - {BaseClass} clearSession is SUCCESS for scenario Verify that main features is the site are displayed to the user
[INFO ] 2024-09-03 12:28:53.185 [main] Logs - ================================================================================
[INFO ] 2024-09-03 12:28:53.188 [main] Logs - ================================================================================
[INFO ] 2024-09-03 12:28:53.188 [main] Logs - {BaseClass} launching session for scenario Verify that main features is the site are displayed to the user
[INFO ] 2024-09-03 12:28:53.188 [main] Logs - {SelfHealingWebDriverFactory} chrome
[INFO ] 2024-09-03 12:28:53.858 [main] Logs - {SelfHealingWebDriverFactory} INFO --> getWebDriverSession is success : chrome
[INFO ] 2024-09-03 12:28:56.165 [main] Logs - {BaseClass} launchSession is SUCCESS for scenario Verify that main features is the site are displayed to the user
[INFO ] 2024-09-03 12:28:56.165 [main] Logs - {GetTestStepName} Current Step Name ---> I am on the landing page
[INFO ] 2024-09-03 12:28:56.184 [main] Logs - {GetTestStepName} Current Step Name ---> I close the popup when I see it
[ERROR] 2024-09-03 12:29:01.284 [main] Logs - {LandingPageLocators} PopUp is not displayed
[INFO ] 2024-09-03 12:29:01.285 [main] Logs - {GetTestStepName} Current Step Name ---> I see the features called Airport taxis
[INFO ] 2024-09-03 12:29:01.961 [main] Logs - {BaseClass} clearSession is SUCCESS for scenario Verify that main features is the site are displayed to the user
[INFO ] 2024-09-03 12:29:01.961 [main] Logs - ================================================================================
[INFO ] 2024-09-03 12:29:01.961 [main] Logs - ================================================================================
[INFO ] 2024-09-03 12:29:01.961 [main] Logs - {BaseClass} launching session for scenario Verify that main features is the site are displayed to the user
[INFO ] 2024-09-03 12:29:01.966 [main] Logs - {SelfHealingWebDriverFactory} chrome
[INFO ] 2024-09-03 12:29:02.610 [main] Logs - {SelfHealingWebDriverFactory} INFO --> getWebDriverSession is success : chrome
[INFO ] 2024-09-03 12:29:04.809 [main] Logs - {BaseClass} launchSession is SUCCESS for scenario Verify that main features is the site are displayed to the user
[INFO ] 2024-09-03 12:29:04.809 [main] Logs - {GetTestStepName} Current Step Name ---> I am on the landing page
[INFO ] 2024-09-03 12:29:04.839 [main] Logs - {GetTestStepName} Current Step Name ---> I close the popup when I see it
[ERROR] 2024-09-03 12:29:09.888 [main] Logs - {LandingPageLocators} PopUp is not displayed
[INFO ] 2024-09-03 12:29:09.889 [main] Logs - {GetTestStepName} Current Step Name ---> I see the features called Stays
[INFO ] 2024-09-03 12:29:10.541 [main] Logs - {BaseClass} clearSession is SUCCESS for scenario Verify that main features is the site are displayed to the user
[INFO ] 2024-09-03 12:29:10.541 [main] Logs - ================================================================================
[INFO ] 2024-09-03 12:29:10.541 [main] Logs - ================================================================================
[INFO ] 2024-09-03 12:29:10.545 [main] Logs - {BaseClass} launching session for scenario Verify that main features is the site are displayed to the user
[INFO ] 2024-09-03 12:29:10.545 [main] Logs - {SelfHealingWebDriverFactory} chrome
[INFO ] 2024-09-03 12:29:11.178 [main] Logs - {SelfHealingWebDriverFactory} INFO --> getWebDriverSession is success : chrome
[INFO ] 2024-09-03 12:29:13.080 [main] Logs - {BaseClass} launchSession is SUCCESS for scenario Verify that main features is the site are displayed to the user
[INFO ] 2024-09-03 12:29:13.081 [main] Logs - {GetTestStepName} Current Step Name ---> I am on the landing page
[INFO ] 2024-09-03 12:29:13.191 [main] Logs - {GetTestStepName} Current Step Name ---> I close the popup when I see it
[ERROR] 2024-09-03 12:29:18.600 [main] Logs - {LandingPageLocators} PopUp is not displayed
[INFO ] 2024-09-03 12:29:18.601 [main] Logs - {GetTestStepName} Current Step Name ---> I see the features called Flights
[INFO ] 2024-09-03 12:29:19.317 [main] Logs - {BaseClass} clearSession is SUCCESS for scenario Verify that main features is the site are displayed to the user
[INFO ] 2024-09-03 12:29:19.317 [main] Logs - ================================================================================
[INFO ] 2024-09-03 12:29:19.317 [main] Logs - ================================================================================
[INFO ] 2024-09-03 12:29:19.317 [main] Logs - {BaseClass} launching session for scenario Verify that main features is the site are displayed to the user
[INFO ] 2024-09-03 12:29:19.317 [main] Logs - {SelfHealingWebDriverFactory} chrome
[INFO ] 2024-09-03 12:29:19.951 [main] Logs - {SelfHealingWebDriverFactory} INFO --> getWebDriverSession is success : chrome
[INFO ] 2024-09-03 12:29:21.824 [main] Logs - {BaseClass} launchSession is SUCCESS for scenario Verify that main features is the site are displayed to the user
[INFO ] 2024-09-03 12:29:21.824 [main] Logs - {GetTestStepName} Current Step Name ---> I am on the landing page
[INFO ] 2024-09-03 12:29:21.863 [main] Logs - {GetTestStepName} Current Step Name ---> I close the popup when I see it
[ERROR] 2024-09-03 12:29:27.350 [main] Logs - {LandingPageLocators} PopUp is not displayed
[INFO ] 2024-09-03 12:29:27.351 [main] Logs - {GetTestStepName} Current Step Name ---> I see the features called Flights+Hotel
[INFO ] 2024-09-03 12:29:28.118 [main] Logs - {BaseClass} clearSession is SUCCESS for scenario Verify that main features is the site are displayed to the user
[INFO ] 2024-09-03 12:29:28.118 [main] Logs - ================================================================================
[INFO ] 2024-09-03 12:29:28.118 [main] Logs - ================================================================================
[INFO ] 2024-09-03 12:29:28.118 [main] Logs - {BaseClass} launching session for scenario Verify that main features is the site are displayed to the user
[INFO ] 2024-09-03 12:29:28.118 [main] Logs - {SelfHealingWebDriverFactory} chrome
[INFO ] 2024-09-03 12:29:28.783 [main] Logs - {SelfHealingWebDriverFactory} INFO --> getWebDriverSession is success : chrome
[INFO ] 2024-09-03 12:29:31.466 [main] Logs - {BaseClass} launchSession is SUCCESS for scenario Verify that main features is the site are displayed to the user
[INFO ] 2024-09-03 12:29:31.466 [main] Logs - {GetTestStepName} Current Step Name ---> I am on the landing page
[INFO ] 2024-09-03 12:29:31.484 [main] Logs - {GetTestStepName} Current Step Name ---> I close the popup when I see it
[ERROR] 2024-09-03 12:29:36.919 [main] Logs - {LandingPageLocators} PopUp is not displayed
[INFO ] 2024-09-03 12:29:36.920 [main] Logs - {GetTestStepName} Current Step Name ---> I see the features called Car rentals
[INFO ] 2024-09-03 12:29:37.665 [main] Logs - {BaseClass} clearSession is SUCCESS for scenario Verify that main features is the site are displayed to the user
[INFO ] 2024-09-03 12:29:37.665 [main] Logs - ================================================================================
[INFO ] 2024-09-03 12:29:37.665 [main] Logs - ================================================================================
[INFO ] 2024-09-03 12:29:37.665 [main] Logs - {BaseClass} launching session for scenario Verify that main features is the site are displayed to the user
[INFO ] 2024-09-03 12:29:37.665 [main] Logs - {SelfHealingWebDriverFactory} chrome
[INFO ] 2024-09-03 12:29:38.321 [main] Logs - {SelfHealingWebDriverFactory} INFO --> getWebDriverSession is success : chrome
[INFO ] 2024-09-03 12:29:40.166 [main] Logs - {BaseClass} launchSession is SUCCESS for scenario Verify that main features is the site are displayed to the user
[INFO ] 2024-09-03 12:29:40.167 [main] Logs - {GetTestStepName} Current Step Name ---> I am on the landing page
[INFO ] 2024-09-03 12:29:40.227 [main] Logs - {GetTestStepName} Current Step Name ---> I close the popup when I see it
[ERROR] 2024-09-03 12:29:45.888 [main] Logs - {LandingPageLocators} PopUp is not displayed
[INFO ] 2024-09-03 12:29:45.889 [main] Logs - {GetTestStepName} Current Step Name ---> I see the features called Attractions
[INFO ] 2024-09-03 12:29:46.597 [main] Logs - {BaseClass} clearSession is SUCCESS for scenario Verify that main features is the site are displayed to the user
[INFO ] 2024-09-03 12:29:46.597 [main] Logs - ================================================================================
[INFO ] 2024-09-03 12:29:46.601 [main] Logs - ================================================================================
[INFO ] 2024-09-03 12:29:46.601 [main] Logs - {BaseClass} launching session for scenario Verify that main features is the site are displayed to the user
[INFO ] 2024-09-03 12:29:46.601 [main] Logs - {SelfHealingWebDriverFactory} chrome
[INFO ] 2024-09-03 12:29:47.250 [main] Logs - {SelfHealingWebDriverFactory} INFO --> getWebDriverSession is success : chrome
[INFO ] 2024-09-03 12:29:49.877 [main] Logs - {BaseClass} launchSession is SUCCESS for scenario Verify that main features is the site are displayed to the user
[INFO ] 2024-09-03 12:29:49.878 [main] Logs - {GetTestStepName} Current Step Name ---> I am on the landing page
[INFO ] 2024-09-03 12:29:49.925 [main] Logs - {GetTestStepName} Current Step Name ---> I close the popup when I see it
[ERROR] 2024-09-03 12:29:55.179 [main] Logs - {LandingPageLocators} PopUp is not displayed
[INFO ] 2024-09-03 12:29:55.180 [main] Logs - {GetTestStepName} Current Step Name ---> I see the features called Airport taxis
[INFO ] 2024-09-03 12:29:55.800 [main] Logs - {BaseClass} clearSession is SUCCESS for scenario Verify that main features is the site are displayed to the user
[INFO ] 2024-09-03 12:29:55.800 [main] Logs - ================================================================================
[INFO ] 2024-09-03 12:29:55.806 [main] Logs - ================================================================================
[INFO ] 2024-09-03 12:29:55.806 [main] Logs - {BaseClass} launching session for scenario Verify that the login is successful
[INFO ] 2024-09-03 12:29:55.806 [main] Logs - {SelfHealingWebDriverFactory} chrome
[INFO ] 2024-09-03 12:29:56.454 [main] Logs - {SelfHealingWebDriverFactory} INFO --> getWebDriverSession is success : chrome
[INFO ] 2024-09-03 12:29:56.998 [main] Logs - {BaseClass} launchSession is SUCCESS for scenario Verify that the login is successful
[INFO ] 2024-09-03 12:29:57.000 [main] Logs - {GetTestStepName} Current Step Name ---> I am on the landing page
[INFO ] 2024-09-03 12:29:58.592 [main] Logs - {GetTestStepName} Current Step Name ---> I close the popup when I see it
[ERROR] 2024-09-03 12:30:03.611 [main] Logs - {LandingPageLocators} PopUp is not displayed
[INFO ] 2024-09-03 12:30:03.611 [main] Logs - {GetTestStepName} Current Step Name ---> I click Login
[INFO ] 2024-09-03 12:30:10.391 [main] Logs - {GetTestStepName} Current Step Name ---> I enter username as mohanpalekar02@gmail.com
[INFO ] 2024-09-03 12:30:11.423 [main] Logs - {GetTestStepName} Current Step Name ---> I enter password as Stble1245%
[INFO ] 2024-09-03 12:30:13.003 [main] Logs - {GetTestStepName} Current Step Name ---> I click on login button
[INFO ] 2024-09-03 12:30:13.491 [main] Logs - {GetTestStepName} Current Step Name ---> I click Press and Hold when asked if I am Robot
[INFO ] 2024-09-03 12:30:14.162 [main] Logs - {GetTestStepName} Current Step Name ---> I see Your account is displayed
[ERROR] 2024-09-03 12:30:14.849 [main] Logs - {BaseClass} FAILED STEP : I see Your account is displayed { Scenario: Verify that the login is successful }
[INFO ] 2024-09-03 12:30:14.923 [main] Logs - {BaseClass} screenshot is captured
[INFO ] 2024-09-03 12:30:15.275 [main] Logs - {BaseClass} clearSession is SUCCESS for scenario Verify that the login is successful
[INFO ] 2024-09-03 12:30:15.275 [main] Logs - ================================================================================
[INFO ] 2024-09-03 12:30:15.286 [main] Logs - ================================================================================
[INFO ] 2024-09-03 12:30:15.286 [main] Logs - {BaseClass} launching session for scenario Verify that user is able to see Browse By Property Types
[INFO ] 2024-09-03 12:30:15.286 [main] Logs - {SelfHealingWebDriverFactory} chrome
[INFO ] 2024-09-03 12:30:16.032 [main] Logs - {SelfHealingWebDriverFactory} INFO --> getWebDriverSession is success : chrome
[INFO ] 2024-09-03 12:30:22.043 [main] Logs - {BaseClass} launchSession is SUCCESS for scenario Verify that user is able to see Browse By Property Types
[INFO ] 2024-09-03 12:30:22.043 [main] Logs - {GetTestStepName} Current Step Name ---> I am on the landing page
[INFO ] 2024-09-03 12:30:22.049 [main] Logs - {GetTestStepName} Current Step Name ---> I close the popup when I see it
[ERROR] 2024-09-03 12:30:27.582 [main] Logs - {LandingPageLocators} PopUp is not displayed
[INFO ] 2024-09-03 12:30:27.583 [main] Logs - {GetTestStepName} Current Step Name ---> I see Browse By Property Types Hotels2
[ERROR] 2024-09-03 12:30:32.867 [main] Logs - {BaseClass} FAILED STEP : I see Browse By Property Types Hotels2 { Scenario: Verify that user is able to see Browse By Property Types }
[INFO ] 2024-09-03 12:30:32.867 [main] Logs - {GetTestStepName} Current Step Name ---> I see Browse By Property Types Apartments
[INFO ] 2024-09-03 12:30:32.868 [main] Logs - {GetTestStepName} Current Step Name ---> I see Browse By Property Types Resorts
[INFO ] 2024-09-03 12:30:32.868 [main] Logs - {GetTestStepName} Current Step Name ---> I see Browse By Property Types Villas
[INFO ] 2024-09-03 12:30:32.948 [main] Logs - {BaseClass} screenshot is captured
[INFO ] 2024-09-03 12:30:33.158 [main] Logs - {BaseClass} clearSession is SUCCESS for scenario Verify that user is able to see Browse By Property Types
[INFO ] 2024-09-03 12:30:33.158 [main] Logs - ================================================================================
[INFO ] 2024-09-03 12:30:33.158 [main] Logs - ================================================================================
[INFO ] 2024-09-03 12:30:33.158 [main] Logs - {BaseClass} launching session for scenario Verify that user is able to see Browse By Property Types
[ERROR] 2024-09-03 12:30:33.158 [main] Logs - {BaseClass} excludeScenarioWithFailedStep : Verify that user is able to see Browse By Property Types
[INFO ] 2024-09-03 12:30:33.158 [main] Logs - {GetTestStepName} Current Step Name ---> I am on the landing page
[INFO ] 2024-09-03 12:30:33.158 [main] Logs - {GetTestStepName} Current Step Name ---> I close the popup when I see it
[INFO ] 2024-09-03 12:30:33.158 [main] Logs - {GetTestStepName} Current Step Name ---> I see Browse By Property Types Hotels2
[ERROR] 2024-09-03 12:30:33.158 [main] Logs - {BaseClass} clearSession is FAIL for scenario Verify that user is able to see Browse By Property Types
[INFO ] 2024-09-03 12:30:33.158 [main] Logs - ================================================================================
[INFO ] 2024-09-03 12:30:33.168 [main] Logs - ================================================================================
[INFO ] 2024-09-03 12:30:33.168 [main] Logs - {BaseClass} launching session for scenario Verify that user is able to see Browse By Property Types
[INFO ] 2024-09-03 12:30:33.168 [main] Logs - {SelfHealingWebDriverFactory} chrome
[INFO ] 2024-09-03 12:30:34.561 [main] Logs - {SelfHealingWebDriverFactory} INFO --> getWebDriverSession is success : chrome
[INFO ] 2024-09-03 12:30:43.358 [main] Logs - {BaseClass} launchSession is SUCCESS for scenario Verify that user is able to see Browse By Property Types
[INFO ] 2024-09-03 12:30:43.358 [main] Logs - {GetTestStepName} Current Step Name ---> I am on the landing page
[INFO ] 2024-09-03 12:30:43.370 [main] Logs - {GetTestStepName} Current Step Name ---> I close the popup when I see it
[ERROR] 2024-09-03 12:30:49.051 [main] Logs - {LandingPageLocators} PopUp is not displayed
[INFO ] 2024-09-03 12:30:49.052 [main] Logs - {GetTestStepName} Current Step Name ---> I see Browse By Property Types Apartments
[INFO ] 2024-09-03 12:30:50.244 [main] Logs - {BaseClass} clearSession is SUCCESS for scenario Verify that user is able to see Browse By Property Types
[INFO ] 2024-09-03 12:30:50.244 [main] Logs - ================================================================================
[INFO ] 2024-09-03 12:30:50.244 [main] Logs - ================================================================================
[INFO ] 2024-09-03 12:30:50.244 [main] Logs - {BaseClass} launching session for scenario Verify that user is able to see Browse By Property Types
[INFO ] 2024-09-03 12:30:50.244 [main] Logs - {SelfHealingWebDriverFactory} chrome
[INFO ] 2024-09-03 12:30:50.898 [main] Logs - {SelfHealingWebDriverFactory} INFO --> getWebDriverSession is success : chrome
[INFO ] 2024-09-03 12:30:53.354 [main] Logs - {BaseClass} launchSession is SUCCESS for scenario Verify that user is able to see Browse By Property Types
[INFO ] 2024-09-03 12:30:53.355 [main] Logs - {GetTestStepName} Current Step Name ---> I am on the landing page
[INFO ] 2024-09-03 12:30:53.363 [main] Logs - {GetTestStepName} Current Step Name ---> I close the popup when I see it
[ERROR] 2024-09-03 12:30:59.014 [main] Logs - {LandingPageLocators} PopUp is not displayed
[INFO ] 2024-09-03 12:30:59.015 [main] Logs - {GetTestStepName} Current Step Name ---> I see Browse By Property Types Resorts2
[ERROR] 2024-09-03 12:31:04.319 [main] Logs - {BaseClass} FAILED STEP : I see Browse By Property Types Resorts2 { Scenario: Verify that user is able to see Browse By Property Types }
[INFO ] 2024-09-03 12:31:04.493 [main] Logs - {BaseClass} screenshot is captured
[INFO ] 2024-09-03 12:31:04.715 [main] Logs - {BaseClass} clearSession is SUCCESS for scenario Verify that user is able to see Browse By Property Types
[INFO ] 2024-09-03 12:31:04.715 [main] Logs - ================================================================================
[INFO ] 2024-09-03 12:31:04.715 [main] Logs - ================================================================================
[INFO ] 2024-09-03 12:31:04.715 [main] Logs - {BaseClass} launching session for scenario Verify that user is able to see Browse By Property Types
[INFO ] 2024-09-03 12:31:04.715 [main] Logs - {SelfHealingWebDriverFactory} chrome
[INFO ] 2024-09-03 12:31:05.391 [main] Logs - {SelfHealingWebDriverFactory} INFO --> getWebDriverSession is success : chrome
[INFO ] 2024-09-03 12:31:08.010 [main] Logs - {BaseClass} launchSession is SUCCESS for scenario Verify that user is able to see Browse By Property Types
[INFO ] 2024-09-03 12:31:08.010 [main] Logs - {GetTestStepName} Current Step Name ---> I am on the landing page
[INFO ] 2024-09-03 12:31:08.033 [main] Logs - {GetTestStepName} Current Step Name ---> I close the popup when I see it
[ERROR] 2024-09-03 12:31:13.737 [main] Logs - {LandingPageLocators} PopUp is not displayed
[INFO ] 2024-09-03 12:31:13.738 [main] Logs - {GetTestStepName} Current Step Name ---> I see Browse By Property Types Villas
[INFO ] 2024-09-03 12:31:15.027 [main] Logs - {BaseClass} clearSession is SUCCESS for scenario Verify that user is able to see Browse By Property Types
[INFO ] 2024-09-03 12:31:15.027 [main] Logs - ================================================================================
[INFO ] 2024-09-03 12:31:15.029 [main] Logs - {Hooks} trying to stop healenium server
[INFO ] 2024-09-03 12:31:15.029 [main] Logs - {HealeniumRepository} stopping healenium server ...
[INFO ] 2024-09-03 12:31:15.029 [main] Logs - {HealeniumRepository} command is : taskkill /F /PID 17896
[INFO ] 2024-09-03 12:31:15.210 [main] Logs - {HealeniumRepository} response from command prompt is : SUCCESS: The process with PID 17896 has been terminated.
[INFO ] 2024-09-03 12:31:15.222 [main] Logs - {HealeniumRepository} does Healenium log file exist ? false
[INFO ] 2024-09-03 12:31:15.222 [main] Logs - {BaseClass} SUMMARY (All Failed Steps) : [I verify that invalid password error message is shown to the user, I see Browse By Property Types Hotels2, I see Browse By Property Types Resorts2, I see Your account is displayed]
